<?xml version="1.0" encoding="UTF-8"?>
<testsuite xmlns:xsi="http://www.w3.org/2001/XMLSchema-instance" xsi:noNamespaceSchemaLocation="https://maven.apache.org/surefire/maven-surefire-plugin/xsd/surefire-test-report.xsd" name="com.usian.FastDFSTest" time="0.964" tests="0" errors="0" skipped="0" failures="0">
  <properties>
    <property name="sun.desktop" value="windows"/>
    <property name="awt.toolkit" value="sun.awt.windows.WToolkit"/>
    <property name="file.encoding.pkg" value="sun.io"/>
    <property name="java.specification.version" value="1.8"/>
    <property name="sun.cpu.isalist" value="amd64"/>
    <property name="sun.jnu.encoding" value="GBK"/>
    <property name="java.class.path" value="E:\java_dm\p8dm\usian_parent\usian_item_web\target\test-classes;E:\java_dm\p8dm\usian_parent\usian_item_web\target\classes;E:\Apps\repository\com\github\tobato\fastdfs-client\1.26.2\fastdfs-client-1.26.2.jar;E:\Apps\repository\org\slf4j\slf4j-api\1.7.30\slf4j-api-1.7.30.jar;E:\Apps\repository\org\slf4j\jcl-over-slf4j\1.7.30\jcl-over-slf4j-1.7.30.jar;E:\Apps\repository\ch\qos\logback\logback-classic\1.2.3\logback-classic-1.2.3.jar;E:\Apps\repository\ch\qos\logback\logback-core\1.2.3\logback-core-1.2.3.jar;E:\Apps\repository\org\apache\commons\commons-lang3\3.11\commons-lang3-3.11.jar;E:\Apps\repository\commons-beanutils\commons-beanutils\1.9.1\commons-beanutils-1.9.1.jar;E:\Apps\repository\commons-collections\commons-collections\3.2.1\commons-collections-3.2.1.jar;E:\Apps\repository\commons-io\commons-io\2.4\commons-io-2.4.jar;E:\Apps\repository\org\apache\commons\commons-pool2\2.9.0\commons-pool2-2.9.0.jar;E:\Apps\repository\org\springframework\spring-core\5.3.6\spring-core-5.3.6.jar;E:\Apps\repository\org\springframework\spring-jcl\5.3.6\spring-jcl-5.3.6.jar;E:\Apps\repository\org\hibernate\validator\hibernate-validator\6.1.7.Final\hibernate-validator-6.1.7.Final.jar;E:\Apps\repository\jakarta\validation\jakarta.validation-api\2.0.2\jakarta.validation-api-2.0.2.jar;E:\Apps\repository\org\jboss\logging\jboss-logging\3.4.1.Final\jboss-logging-3.4.1.Final.jar;E:\Apps\repository\com\fasterxml\classmate\1.5.1\classmate-1.5.1.jar;E:\Apps\repository\org\springframework\boot\spring-boot-autoconfigure\2.4.5\spring-boot-autoconfigure-2.4.5.jar;E:\Apps\repository\org\springframework\boot\spring-boot\2.4.5\spring-boot-2.4.5.jar;E:\Apps\repository\org\mockito\mockito-all\1.9.5\mockito-all-1.9.5.jar;E:\Apps\repository\org\springframework\spring-context\5.3.6\spring-context-5.3.6.jar;E:\Apps\repository\org\springframework\spring-aop\5.3.6\spring-aop-5.3.6.jar;E:\Apps\repository\org\springframework\spring-beans\5.3.6\spring-beans-5.3.6.jar;E:\Apps\repository\org\springframework\spring-expression\5.3.6\spring-expression-5.3.6.jar;E:\Apps\repository\net\coobird\thumbnailator\0.4.8\thumbnailator-0.4.8.jar;E:\Apps\repository\org\springframework\boot\spring-boot-starter-test\2.4.5\spring-boot-starter-test-2.4.5.jar;E:\Apps\repository\org\springframework\boot\spring-boot-starter\2.4.5\spring-boot-starter-2.4.5.jar;E:\Apps\repository\org\springframework\boot\spring-boot-starter-logging\2.4.5\spring-boot-starter-logging-2.4.5.jar;E:\Apps\repository\org\apache\logging\log4j\log4j-to-slf4j\2.13.3\log4j-to-slf4j-2.13.3.jar;E:\Apps\repository\org\apache\logging\log4j\log4j-api\2.13.3\log4j-api-2.13.3.jar;E:\Apps\repository\org\slf4j\jul-to-slf4j\1.7.30\jul-to-slf4j-1.7.30.jar;E:\Apps\repository\jakarta\annotation\jakarta.annotation-api\1.3.5\jakarta.annotation-api-1.3.5.jar;E:\Apps\repository\org\springframework\boot\spring-boot-test\2.4.5\spring-boot-test-2.4.5.jar;E:\Apps\repository\org\springframework\boot\spring-boot-test-autoconfigure\2.4.5\spring-boot-test-autoconfigure-2.4.5.jar;E:\Apps\repository\com\jayway\jsonpath\json-path\2.4.0\json-path-2.4.0.jar;E:\Apps\repository\net\minidev\json-smart\2.3\json-smart-2.3.jar;E:\Apps\repository\net\minidev\accessors-smart\1.2\accessors-smart-1.2.jar;E:\Apps\repository\org\ow2\asm\asm\5.0.4\asm-5.0.4.jar;E:\Apps\repository\jakarta\xml\bind\jakarta.xml.bind-api\2.3.3\jakarta.xml.bind-api-2.3.3.jar;E:\Apps\repository\jakarta\activation\jakarta.activation-api\1.2.2\jakarta.activation-api-1.2.2.jar;E:\Apps\repository\org\assertj\assertj-core\3.18.1\assertj-core-3.18.1.jar;E:\Apps\repository\org\hamcrest\hamcrest\2.2\hamcrest-2.2.jar;E:\Apps\repository\org\junit\jupiter\junit-jupiter\5.7.1\junit-jupiter-5.7.1.jar;E:\Apps\repository\org\junit\jupiter\junit-jupiter-api\5.7.1\junit-jupiter-api-5.7.1.jar;E:\Apps\repository\org\apiguardian\apiguardian-api\1.1.0\apiguardian-api-1.1.0.jar;E:\Apps\repository\org\opentest4j\opentest4j\1.2.0\opentest4j-1.2.0.jar;E:\Apps\repository\org\junit\platform\junit-platform-commons\1.7.1\junit-platform-commons-1.7.1.jar;E:\Apps\repository\org\junit\jupiter\junit-jupiter-params\5.7.1\junit-jupiter-params-5.7.1.jar;E:\Apps\repository\org\junit\jupiter\junit-jupiter-engine\5.7.1\junit-jupiter-engine-5.7.1.jar;E:\Apps\repository\org\junit\platform\junit-platform-engine\1.7.1\junit-platform-engine-1.7.1.jar;E:\Apps\repository\org\mockito\mockito-core\3.6.28\mockito-core-3.6.28.jar;E:\Apps\repository\net\bytebuddy\byte-buddy\1.10.22\byte-buddy-1.10.22.jar;E:\Apps\repository\net\bytebuddy\byte-buddy-agent\1.10.22\byte-buddy-agent-1.10.22.jar;E:\Apps\repository\org\objenesis\objenesis\3.1\objenesis-3.1.jar;E:\Apps\repository\org\mockito\mockito-junit-jupiter\3.6.28\mockito-junit-jupiter-3.6.28.jar;E:\Apps\repository\org\skyscreamer\jsonassert\1.5.0\jsonassert-1.5.0.jar;E:\Apps\repository\com\vaadin\external\google\android-json\0.0.20131108.vaadin1\android-json-0.0.20131108.vaadin1.jar;E:\Apps\repository\org\springframework\spring-test\5.3.6\spring-test-5.3.6.jar;E:\Apps\repository\org\xmlunit\xmlunit-core\2.7.0\xmlunit-core-2.7.0.jar;E:\java_dm\p8dm\usian_parent\usian_item_feign\target\usian_item_feign-1.0-SNAPSHOT.jar;E:\Apps\repository\org\springframework\cloud\spring-cloud-starter-openfeign\3.0.2\spring-cloud-starter-openfeign-3.0.2.jar;E:\Apps\repository\org\springframework\cloud\spring-cloud-openfeign-core\3.0.2\spring-cloud-openfeign-core-3.0.2.jar;E:\Apps\repository\org\springframework\boot\spring-boot-starter-aop\2.4.5\spring-boot-starter-aop-2.4.5.jar;E:\Apps\repository\org\aspectj\aspectjweaver\1.9.6\aspectjweaver-1.9.6.jar;E:\Apps\repository\io\github\openfeign\form\feign-form-spring\3.8.0\feign-form-spring-3.8.0.jar;E:\Apps\repository\io\github\openfeign\form\feign-form\3.8.0\feign-form-3.8.0.jar;E:\Apps\repository\commons-fileupload\commons-fileupload\1.4\commons-fileupload-1.4.jar;E:\Apps\repository\org\springframework\cloud\spring-cloud-commons\3.0.2\spring-cloud-commons-3.0.2.jar;E:\Apps\repository\org\springframework\security\spring-security-crypto\5.4.6\spring-security-crypto-5.4.6.jar;E:\Apps\repository\io\github\openfeign\feign-core\10.10.1\feign-core-10.10.1.jar;E:\Apps\repository\io\github\openfeign\feign-slf4j\10.10.1\feign-slf4j-10.10.1.jar;E:\java_dm\p8dm\usian_parent\common_pojo\target\common_pojo-1.0-SNAPSHOT.jar;E:\Apps\repository\javax\persistence\persistence-api\1.0\persistence-api-1.0.jar;E:\java_dm\p8dm\usian_parent\common_utils\target\common_utils-1.0-SNAPSHOT.jar;E:\Apps\repository\org\springframework\boot\spring-boot-starter-web\2.4.5\spring-boot-starter-web-2.4.5.jar;E:\Apps\repository\org\springframework\boot\spring-boot-starter-json\2.4.5\spring-boot-starter-json-2.4.5.jar;E:\Apps\repository\com\fasterxml\jackson\core\jackson-databind\2.11.4\jackson-databind-2.11.4.jar;E:\Apps\repository\com\fasterxml\jackson\datatype\jackson-datatype-jdk8\2.11.4\jackson-datatype-jdk8-2.11.4.jar;E:\Apps\repository\com\fasterxml\jackson\datatype\jackson-datatype-jsr310\2.11.4\jackson-datatype-jsr310-2.11.4.jar;E:\Apps\repository\com\fasterxml\jackson\module\jackson-module-parameter-names\2.11.4\jackson-module-parameter-names-2.11.4.jar;E:\Apps\repository\org\springframework\boot\spring-boot-starter-tomcat\2.4.5\spring-boot-starter-tomcat-2.4.5.jar;E:\Apps\repository\org\apache\tomcat\embed\tomcat-embed-core\9.0.45\tomcat-embed-core-9.0.45.jar;E:\Apps\repository\org\glassfish\jakarta.el\3.0.3\jakarta.el-3.0.3.jar;E:\Apps\repository\org\apache\tomcat\embed\tomcat-embed-websocket\9.0.45\tomcat-embed-websocket-9.0.45.jar;E:\Apps\repository\org\springframework\spring-web\5.3.6\spring-web-5.3.6.jar;E:\Apps\repository\org\springframework\spring-webmvc\5.3.6\spring-webmvc-5.3.6.jar;E:\Apps\repository\org\springframework\cloud\spring-cloud-starter-netflix-eureka-client\3.0.2\spring-cloud-starter-netflix-eureka-client-3.0.2.jar;E:\Apps\repository\org\springframework\cloud\spring-cloud-starter\3.0.2\spring-cloud-starter-3.0.2.jar;E:\Apps\repository\org\springframework\cloud\spring-cloud-context\3.0.2\spring-cloud-context-3.0.2.jar;E:\Apps\repository\org\springframework\security\spring-security-rsa\1.0.9.RELEASE\spring-security-rsa-1.0.9.RELEASE.jar;E:\Apps\repository\org\bouncycastle\bcpkix-jdk15on\1.64\bcpkix-jdk15on-1.64.jar;E:\Apps\repository\org\bouncycastle\bcprov-jdk15on\1.64\bcprov-jdk15on-1.64.jar;E:\Apps\repository\org\springframework\cloud\spring-cloud-netflix-eureka-client\3.0.2\spring-cloud-netflix-eureka-client-3.0.2.jar;E:\Apps\repository\com\netflix\eureka\eureka-client\1.10.11\eureka-client-1.10.11.jar;E:\Apps\repository\com\netflix\netflix-commons\netflix-eventbus\0.3.0\netflix-eventbus-0.3.0.jar;E:\Apps\repository\com\netflix\netflix-commons\netflix-infix\0.3.0\netflix-infix-0.3.0.jar;E:\Apps\repository\commons-jxpath\commons-jxpath\1.3\commons-jxpath-1.3.jar;E:\Apps\repository\joda-time\joda-time\2.3\joda-time-2.3.jar;E:\Apps\repository\org\antlr\antlr-runtime\3.4\antlr-runtime-3.4.jar;E:\Apps\repository\org\antlr\stringtemplate\3.2.1\stringtemplate-3.2.1.jar;E:\Apps\repository\antlr\antlr\2.7.7\antlr-2.7.7.jar;E:\Apps\repository\com\google\code\gson\gson\2.8.6\gson-2.8.6.jar;E:\Apps\repository\org\apache\commons\commons-math\2.2\commons-math-2.2.jar;E:\Apps\repository\com\thoughtworks\xstream\xstream\1.4.14\xstream-1.4.14.jar;E:\Apps\repository\xmlpull\xmlpull\1.1.3.1\xmlpull-1.1.3.1.jar;E:\Apps\repository\xpp3\xpp3_min\1.1.4c\xpp3_min-1.1.4c.jar;E:\Apps\repository\javax\ws\rs\jsr311-api\1.1.1\jsr311-api-1.1.1.jar;E:\Apps\repository\com\netflix\servo\servo-core\0.12.21\servo-core-0.12.21.jar;E:\Apps\repository\com\google\guava\guava\19.0\guava-19.0.jar;E:\Apps\repository\org\apache\httpcomponents\httpclient\4.5.13\httpclient-4.5.13.jar;E:\Apps\repository\org\apache\httpcomponents\httpcore\4.4.14\httpcore-4.4.14.jar;E:\Apps\repository\commons-codec\commons-codec\1.15\commons-codec-1.15.jar;E:\Apps\repository\commons-configuration\commons-configuration\1.10\commons-configuration-1.10.jar;E:\Apps\repository\commons-lang\commons-lang\2.6\commons-lang-2.6.jar;E:\Apps\repository\com\google\inject\guice\4.1.0\guice-4.1.0.jar;E:\Apps\repository\javax\inject\javax.inject\1\javax.inject-1.jar;E:\Apps\repository\aopalliance\aopalliance\1.0\aopalliance-1.0.jar;E:\Apps\repository\com\fasterxml\jackson\core\jackson-annotations\2.11.4\jackson-annotations-2.11.4.jar;E:\Apps\repository\com\fasterxml\jackson\core\jackson-core\2.11.4\jackson-core-2.11.4.jar;E:\Apps\repository\org\codehaus\jettison\jettison\1.4.0\jettison-1.4.0.jar;E:\Apps\repository\com\netflix\eureka\eureka-core\1.10.11\eureka-core-1.10.11.jar;E:\Apps\repository\com\fasterxml\woodstox\woodstox-core\5.3.0\woodstox-core-5.3.0.jar;E:\Apps\repository\org\codehaus\woodstox\stax2-api\4.2\stax2-api-4.2.jar;E:\Apps\repository\org\springframework\cloud\spring-cloud-starter-loadbalancer\3.0.2\spring-cloud-starter-loadbalancer-3.0.2.jar;E:\Apps\repository\org\springframework\cloud\spring-cloud-loadbalancer\3.0.2\spring-cloud-loadbalancer-3.0.2.jar;E:\Apps\repository\org\springframework\boot\spring-boot-starter-validation\2.4.5\spring-boot-starter-validation-2.4.5.jar;E:\Apps\repository\io\projectreactor\reactor-core\3.4.5\reactor-core-3.4.5.jar;E:\Apps\repository\org\reactivestreams\reactive-streams\1.0.3\reactive-streams-1.0.3.jar;E:\Apps\repository\io\projectreactor\addons\reactor-extra\3.4.3\reactor-extra-3.4.3.jar;E:\Apps\repository\org\springframework\boot\spring-boot-starter-cache\2.4.5\spring-boot-starter-cache-2.4.5.jar;E:\Apps\repository\org\springframework\spring-context-support\5.3.6\spring-context-support-5.3.6.jar;E:\Apps\repository\com\stoyanr\evictor\1.0.0\evictor-1.0.0.jar;E:\Apps\repository\org\testng\testng\6.1.1\testng-6.1.1.jar;E:\Apps\repository\junit\junit\4.13.2\junit-4.13.2.jar;E:\Apps\repository\org\hamcrest\hamcrest-core\2.2\hamcrest-core-2.2.jar;E:\Apps\repository\org\beanshell\bsh\2.0b4\bsh-2.0b4.jar;E:\Apps\repository\com\beust\jcommander\1.12\jcommander-1.12.jar;E:\Apps\repository\org\yaml\snakeyaml\1.27\snakeyaml-1.27.jar;"/>
    <property name="java.vm.vendor" value="Oracle Corporation"/>
    <property name="sun.arch.data.model" value="64"/>
    <property name="user.variant" value=""/>
    <property name="java.vendor.url" value="http://java.oracle.com/"/>
    <property name="user.timezone" value="Asia/Shanghai"/>
    <property name="java.vm.specification.version" value="1.8"/>
    <property name="os.name" value="Windows 10"/>
    <property name="user.country" value="CN"/>
    <property name="sun.java.launcher" value="SUN_STANDARD"/>
    <property name="sun.boot.library.path" value="C:\Program Files\Java\jdk1.8.0_261\jre\bin"/>
    <property name="sun.java.command" value="C:\Users\86158\AppData\Local\Temp\surefire5551215248765081852\surefirebooter997846237468017123.jar C:\Users\86158\AppData\Local\Temp\surefire5551215248765081852 2021-05-13T19-12-55_638-jvmRun1 surefire69075587377000856tmp surefire_05531493300734562231tmp"/>
    <property name="surefire.test.class.path" value="E:\java_dm\p8dm\usian_parent\usian_item_web\target\test-classes;E:\java_dm\p8dm\usian_parent\usian_item_web\target\classes;E:\Apps\repository\com\github\tobato\fastdfs-client\1.26.2\fastdfs-client-1.26.2.jar;E:\Apps\repository\org\slf4j\slf4j-api\1.7.30\slf4j-api-1.7.30.jar;E:\Apps\repository\org\slf4j\jcl-over-slf4j\1.7.30\jcl-over-slf4j-1.7.30.jar;E:\Apps\repository\ch\qos\logback\logback-classic\1.2.3\logback-classic-1.2.3.jar;E:\Apps\repository\ch\qos\logback\logback-core\1.2.3\logback-core-1.2.3.jar;E:\Apps\repository\org\apache\commons\commons-lang3\3.11\commons-lang3-3.11.jar;E:\Apps\repository\commons-beanutils\commons-beanutils\1.9.1\commons-beanutils-1.9.1.jar;E:\Apps\repository\commons-collections\commons-collections\3.2.1\commons-collections-3.2.1.jar;E:\Apps\repository\commons-io\commons-io\2.4\commons-io-2.4.jar;E:\Apps\repository\org\apache\commons\commons-pool2\2.9.0\commons-pool2-2.9.0.jar;E:\Apps\repository\org\springframework\spring-core\5.3.6\spring-core-5.3.6.jar;E:\Apps\repository\org\springframework\spring-jcl\5.3.6\spring-jcl-5.3.6.jar;E:\Apps\repository\org\hibernate\validator\hibernate-validator\6.1.7.Final\hibernate-validator-6.1.7.Final.jar;E:\Apps\repository\jakarta\validation\jakarta.validation-api\2.0.2\jakarta.validation-api-2.0.2.jar;E:\Apps\repository\org\jboss\logging\jboss-logging\3.4.1.Final\jboss-logging-3.4.1.Final.jar;E:\Apps\repository\com\fasterxml\classmate\1.5.1\classmate-1.5.1.jar;E:\Apps\repository\org\springframework\boot\spring-boot-autoconfigure\2.4.5\spring-boot-autoconfigure-2.4.5.jar;E:\Apps\repository\org\springframework\boot\spring-boot\2.4.5\spring-boot-2.4.5.jar;E:\Apps\repository\org\mockito\mockito-all\1.9.5\mockito-all-1.9.5.jar;E:\Apps\repository\org\springframework\spring-context\5.3.6\spring-context-5.3.6.jar;E:\Apps\repository\org\springframework\spring-aop\5.3.6\spring-aop-5.3.6.jar;E:\Apps\repository\org\springframework\spring-beans\5.3.6\spring-beans-5.3.6.jar;E:\Apps\repository\org\springframework\spring-expression\5.3.6\spring-expression-5.3.6.jar;E:\Apps\repository\net\coobird\thumbnailator\0.4.8\thumbnailator-0.4.8.jar;E:\Apps\repository\org\springframework\boot\spring-boot-starter-test\2.4.5\spring-boot-starter-test-2.4.5.jar;E:\Apps\repository\org\springframework\boot\spring-boot-starter\2.4.5\spring-boot-starter-2.4.5.jar;E:\Apps\repository\org\springframework\boot\spring-boot-starter-logging\2.4.5\spring-boot-starter-logging-2.4.5.jar;E:\Apps\repository\org\apache\logging\log4j\log4j-to-slf4j\2.13.3\log4j-to-slf4j-2.13.3.jar;E:\Apps\repository\org\apache\logging\log4j\log4j-api\2.13.3\log4j-api-2.13.3.jar;E:\Apps\repository\org\slf4j\jul-to-slf4j\1.7.30\jul-to-slf4j-1.7.30.jar;E:\Apps\repository\jakarta\annotation\jakarta.annotation-api\1.3.5\jakarta.annotation-api-1.3.5.jar;E:\Apps\repository\org\springframework\boot\spring-boot-test\2.4.5\spring-boot-test-2.4.5.jar;E:\Apps\repository\org\springframework\boot\spring-boot-test-autoconfigure\2.4.5\spring-boot-test-autoconfigure-2.4.5.jar;E:\Apps\repository\com\jayway\jsonpath\json-path\2.4.0\json-path-2.4.0.jar;E:\Apps\repository\net\minidev\json-smart\2.3\json-smart-2.3.jar;E:\Apps\repository\net\minidev\accessors-smart\1.2\accessors-smart-1.2.jar;E:\Apps\repository\org\ow2\asm\asm\5.0.4\asm-5.0.4.jar;E:\Apps\repository\jakarta\xml\bind\jakarta.xml.bind-api\2.3.3\jakarta.xml.bind-api-2.3.3.jar;E:\Apps\repository\jakarta\activation\jakarta.activation-api\1.2.2\jakarta.activation-api-1.2.2.jar;E:\Apps\repository\org\assertj\assertj-core\3.18.1\assertj-core-3.18.1.jar;E:\Apps\repository\org\hamcrest\hamcrest\2.2\hamcrest-2.2.jar;E:\Apps\repository\org\junit\jupiter\junit-jupiter\5.7.1\junit-jupiter-5.7.1.jar;E:\Apps\repository\org\junit\jupiter\junit-jupiter-api\5.7.1\junit-jupiter-api-5.7.1.jar;E:\Apps\repository\org\apiguardian\apiguardian-api\1.1.0\apiguardian-api-1.1.0.jar;E:\Apps\repository\org\opentest4j\opentest4j\1.2.0\opentest4j-1.2.0.jar;E:\Apps\repository\org\junit\platform\junit-platform-commons\1.7.1\junit-platform-commons-1.7.1.jar;E:\Apps\repository\org\junit\jupiter\junit-jupiter-params\5.7.1\junit-jupiter-params-5.7.1.jar;E:\Apps\repository\org\junit\jupiter\junit-jupiter-engine\5.7.1\junit-jupiter-engine-5.7.1.jar;E:\Apps\repository\org\junit\platform\junit-platform-engine\1.7.1\junit-platform-engine-1.7.1.jar;E:\Apps\repository\org\mockito\mockito-core\3.6.28\mockito-core-3.6.28.jar;E:\Apps\repository\net\bytebuddy\byte-buddy\1.10.22\byte-buddy-1.10.22.jar;E:\Apps\repository\net\bytebuddy\byte-buddy-agent\1.10.22\byte-buddy-agent-1.10.22.jar;E:\Apps\repository\org\objenesis\objenesis\3.1\objenesis-3.1.jar;E:\Apps\repository\org\mockito\mockito-junit-jupiter\3.6.28\mockito-junit-jupiter-3.6.28.jar;E:\Apps\repository\org\skyscreamer\jsonassert\1.5.0\jsonassert-1.5.0.jar;E:\Apps\repository\com\vaadin\external\google\android-json\0.0.20131108.vaadin1\android-json-0.0.20131108.vaadin1.jar;E:\Apps\repository\org\springframework\spring-test\5.3.6\spring-test-5.3.6.jar;E:\Apps\repository\org\xmlunit\xmlunit-core\2.7.0\xmlunit-core-2.7.0.jar;E:\java_dm\p8dm\usian_parent\usian_item_feign\target\usian_item_feign-1.0-SNAPSHOT.jar;E:\Apps\repository\org\springframework\cloud\spring-cloud-starter-openfeign\3.0.2\spring-cloud-starter-openfeign-3.0.2.jar;E:\Apps\repository\org\springframework\cloud\spring-cloud-openfeign-core\3.0.2\spring-cloud-openfeign-core-3.0.2.jar;E:\Apps\repository\org\springframework\boot\spring-boot-starter-aop\2.4.5\spring-boot-starter-aop-2.4.5.jar;E:\Apps\repository\org\aspectj\aspectjweaver\1.9.6\aspectjweaver-1.9.6.jar;E:\Apps\repository\io\github\openfeign\form\feign-form-spring\3.8.0\feign-form-spring-3.8.0.jar;E:\Apps\repository\io\github\openfeign\form\feign-form\3.8.0\feign-form-3.8.0.jar;E:\Apps\repository\commons-fileupload\commons-fileupload\1.4\commons-fileupload-1.4.jar;E:\Apps\repository\org\springframework\cloud\spring-cloud-commons\3.0.2\spring-cloud-commons-3.0.2.jar;E:\Apps\repository\org\springframework\security\spring-security-crypto\5.4.6\spring-security-crypto-5.4.6.jar;E:\Apps\repository\io\github\openfeign\feign-core\10.10.1\feign-core-10.10.1.jar;E:\Apps\repository\io\github\openfeign\feign-slf4j\10.10.1\feign-slf4j-10.10.1.jar;E:\java_dm\p8dm\usian_parent\common_pojo\target\common_pojo-1.0-SNAPSHOT.jar;E:\Apps\repository\javax\persistence\persistence-api\1.0\persistence-api-1.0.jar;E:\java_dm\p8dm\usian_parent\common_utils\target\common_utils-1.0-SNAPSHOT.jar;E:\Apps\repository\org\springframework\boot\spring-boot-starter-web\2.4.5\spring-boot-starter-web-2.4.5.jar;E:\Apps\repository\org\springframework\boot\spring-boot-starter-json\2.4.5\spring-boot-starter-json-2.4.5.jar;E:\Apps\repository\com\fasterxml\jackson\core\jackson-databind\2.11.4\jackson-databind-2.11.4.jar;E:\Apps\repository\com\fasterxml\jackson\datatype\jackson-datatype-jdk8\2.11.4\jackson-datatype-jdk8-2.11.4.jar;E:\Apps\repository\com\fasterxml\jackson\datatype\jackson-datatype-jsr310\2.11.4\jackson-datatype-jsr310-2.11.4.jar;E:\Apps\repository\com\fasterxml\jackson\module\jackson-module-parameter-names\2.11.4\jackson-module-parameter-names-2.11.4.jar;E:\Apps\repository\org\springframework\boot\spring-boot-starter-tomcat\2.4.5\spring-boot-starter-tomcat-2.4.5.jar;E:\Apps\repository\org\apache\tomcat\embed\tomcat-embed-core\9.0.45\tomcat-embed-core-9.0.45.jar;E:\Apps\repository\org\glassfish\jakarta.el\3.0.3\jakarta.el-3.0.3.jar;E:\Apps\repository\org\apache\tomcat\embed\tomcat-embed-websocket\9.0.45\tomcat-embed-websocket-9.0.45.jar;E:\Apps\repository\org\springframework\spring-web\5.3.6\spring-web-5.3.6.jar;E:\Apps\repository\org\springframework\spring-webmvc\5.3.6\spring-webmvc-5.3.6.jar;E:\Apps\repository\org\springframework\cloud\spring-cloud-starter-netflix-eureka-client\3.0.2\spring-cloud-starter-netflix-eureka-client-3.0.2.jar;E:\Apps\repository\org\springframework\cloud\spring-cloud-starter\3.0.2\spring-cloud-starter-3.0.2.jar;E:\Apps\repository\org\springframework\cloud\spring-cloud-context\3.0.2\spring-cloud-context-3.0.2.jar;E:\Apps\repository\org\springframework\security\spring-security-rsa\1.0.9.RELEASE\spring-security-rsa-1.0.9.RELEASE.jar;E:\Apps\repository\org\bouncycastle\bcpkix-jdk15on\1.64\bcpkix-jdk15on-1.64.jar;E:\Apps\repository\org\bouncycastle\bcprov-jdk15on\1.64\bcprov-jdk15on-1.64.jar;E:\Apps\repository\org\springframework\cloud\spring-cloud-netflix-eureka-client\3.0.2\spring-cloud-netflix-eureka-client-3.0.2.jar;E:\Apps\repository\com\netflix\eureka\eureka-client\1.10.11\eureka-client-1.10.11.jar;E:\Apps\repository\com\netflix\netflix-commons\netflix-eventbus\0.3.0\netflix-eventbus-0.3.0.jar;E:\Apps\repository\com\netflix\netflix-commons\netflix-infix\0.3.0\netflix-infix-0.3.0.jar;E:\Apps\repository\commons-jxpath\commons-jxpath\1.3\commons-jxpath-1.3.jar;E:\Apps\repository\joda-time\joda-time\2.3\joda-time-2.3.jar;E:\Apps\repository\org\antlr\antlr-runtime\3.4\antlr-runtime-3.4.jar;E:\Apps\repository\org\antlr\stringtemplate\3.2.1\stringtemplate-3.2.1.jar;E:\Apps\repository\antlr\antlr\2.7.7\antlr-2.7.7.jar;E:\Apps\repository\com\google\code\gson\gson\2.8.6\gson-2.8.6.jar;E:\Apps\repository\org\apache\commons\commons-math\2.2\commons-math-2.2.jar;E:\Apps\repository\com\thoughtworks\xstream\xstream\1.4.14\xstream-1.4.14.jar;E:\Apps\repository\xmlpull\xmlpull\1.1.3.1\xmlpull-1.1.3.1.jar;E:\Apps\repository\xpp3\xpp3_min\1.1.4c\xpp3_min-1.1.4c.jar;E:\Apps\repository\javax\ws\rs\jsr311-api\1.1.1\jsr311-api-1.1.1.jar;E:\Apps\repository\com\netflix\servo\servo-core\0.12.21\servo-core-0.12.21.jar;E:\Apps\repository\com\google\guava\guava\19.0\guava-19.0.jar;E:\Apps\repository\org\apache\httpcomponents\httpclient\4.5.13\httpclient-4.5.13.jar;E:\Apps\repository\org\apache\httpcomponents\httpcore\4.4.14\httpcore-4.4.14.jar;E:\Apps\repository\commons-codec\commons-codec\1.15\commons-codec-1.15.jar;E:\Apps\repository\commons-configuration\commons-configuration\1.10\commons-configuration-1.10.jar;E:\Apps\repository\commons-lang\commons-lang\2.6\commons-lang-2.6.jar;E:\Apps\repository\com\google\inject\guice\4.1.0\guice-4.1.0.jar;E:\Apps\repository\javax\inject\javax.inject\1\javax.inject-1.jar;E:\Apps\repository\aopalliance\aopalliance\1.0\aopalliance-1.0.jar;E:\Apps\repository\com\fasterxml\jackson\core\jackson-annotations\2.11.4\jackson-annotations-2.11.4.jar;E:\Apps\repository\com\fasterxml\jackson\core\jackson-core\2.11.4\jackson-core-2.11.4.jar;E:\Apps\repository\org\codehaus\jettison\jettison\1.4.0\jettison-1.4.0.jar;E:\Apps\repository\com\netflix\eureka\eureka-core\1.10.11\eureka-core-1.10.11.jar;E:\Apps\repository\com\fasterxml\woodstox\woodstox-core\5.3.0\woodstox-core-5.3.0.jar;E:\Apps\repository\org\codehaus\woodstox\stax2-api\4.2\stax2-api-4.2.jar;E:\Apps\repository\org\springframework\cloud\spring-cloud-starter-loadbalancer\3.0.2\spring-cloud-starter-loadbalancer-3.0.2.jar;E:\Apps\repository\org\springframework\cloud\spring-cloud-loadbalancer\3.0.2\spring-cloud-loadbalancer-3.0.2.jar;E:\Apps\repository\org\springframework\boot\spring-boot-starter-validation\2.4.5\spring-boot-starter-validation-2.4.5.jar;E:\Apps\repository\io\projectreactor\reactor-core\3.4.5\reactor-core-3.4.5.jar;E:\Apps\repository\org\reactivestreams\reactive-streams\1.0.3\reactive-streams-1.0.3.jar;E:\Apps\repository\io\projectreactor\addons\reactor-extra\3.4.3\reactor-extra-3.4.3.jar;E:\Apps\repository\org\springframework\boot\spring-boot-starter-cache\2.4.5\spring-boot-starter-cache-2.4.5.jar;E:\Apps\repository\org\springframework\spring-context-support\5.3.6\spring-context-support-5.3.6.jar;E:\Apps\repository\com\stoyanr\evictor\1.0.0\evictor-1.0.0.jar;E:\Apps\repository\org\testng\testng\6.1.1\testng-6.1.1.jar;E:\Apps\repository\junit\junit\4.13.2\junit-4.13.2.jar;E:\Apps\repository\org\hamcrest\hamcrest-core\2.2\hamcrest-core-2.2.jar;E:\Apps\repository\org\beanshell\bsh\2.0b4\bsh-2.0b4.jar;E:\Apps\repository\com\beust\jcommander\1.12\jcommander-1.12.jar;E:\Apps\repository\org\yaml\snakeyaml\1.27\snakeyaml-1.27.jar;"/>
    <property name="sun.cpu.endian" value="little"/>
    <property name="user.home" value="C:\Users\86158"/>
    <property name="user.language" value="zh"/>
    <property name="java.specification.vendor" value="Oracle Corporation"/>
    <property name="java.home" value="C:\Program Files\Java\jdk1.8.0_261\jre"/>
    <property name="basedir" value="E:\java_dm\p8dm\usian_parent\usian_item_web"/>
    <property name="file.separator" value="\"/>
    <property name="line.separator" value="&#10;"/>
    <property name="java.vm.specification.vendor" value="Oracle Corporation"/>
    <property name="java.specification.name" value="Java Platform API Specification"/>
    <property name="java.awt.graphicsenv" value="sun.awt.Win32GraphicsEnvironment"/>
    <property name="surefire.real.class.path" value="C:\Users\86158\AppData\Local\Temp\surefire5551215248765081852\surefirebooter997846237468017123.jar"/>
    <property name="sun.boot.class.path" value="C:\Program Files\Java\jdk1.8.0_261\jre\lib\resources.jar;C:\Program Files\Java\jdk1.8.0_261\jre\lib\rt.jar;C:\Program Files\Java\jdk1.8.0_261\jre\lib\sunrsasign.jar;C:\Program Files\Java\jdk1.8.0_261\jre\lib\jsse.jar;C:\Program Files\Java\jdk1.8.0_261\jre\lib\jce.jar;C:\Program Files\Java\jdk1.8.0_261\jre\lib\charsets.jar;C:\Program Files\Java\jdk1.8.0_261\jre\lib\jfr.jar;C:\Program Files\Java\jdk1.8.0_261\jre\classes"/>
    <property name="user.script" value=""/>
    <property name="sun.management.compiler" value="HotSpot 64-Bit Tiered Compilers"/>
    <property name="java.runtime.version" value="1.8.0_261-b12"/>
    <property name="user.name" value="86158"/>
    <property name="path.separator" value=";"/>
    <property name="os.version" value="10.0"/>
    <property name="java.endorsed.dirs" value="C:\Program Files\Java\jdk1.8.0_261\jre\lib\endorsed"/>
    <property name="java.runtime.name" value="Java(TM) SE Runtime Environment"/>
    <property name="file.encoding" value="GBK"/>
    <property name="java.vm.name" value="Java HotSpot(TM) 64-Bit Server VM"/>
    <property name="localRepository" value="E:\Apps\repository"/>
    <property name="java.vendor.url.bug" value="http://bugreport.sun.com/bugreport/"/>
    <property name="java.io.tmpdir" value="C:\Users\86158\AppData\Local\Temp\"/>
    <property name="idea.version" value="2021.1.1"/>
    <property name="java.version" value="1.8.0_261"/>
    <property name="user.dir" value="E:\java_dm\p8dm\usian_parent\usian_item_web"/>
    <property name="os.arch" value="amd64"/>
    <property name="java.vm.specification.name" value="Java Virtual Machine Specification"/>
    <property name="java.awt.printerjob" value="sun.awt.windows.WPrinterJob"/>
    <property name="sun.os.patch.level" value=""/>
    <property name="java.library.path" value="C:\Program Files\Java\jdk1.8.0_261\jre\bin;C:\WINDOWS\Sun\Java\bin;C:\WINDOWS\system32;C:\WINDOWS;F:\apps\linux\bin\;C:\Program Files (x86)\Common Files\Oracle\Java\javapath;C:\WINDOWS\system32;C:\WINDOWS;C:\WINDOWS\System32\Wbem;C:\WINDOWS\System32\WindowsPowerShell\v1.0\;C:\WINDOWS\System32\OpenSSH\;E:\Apps\MySQL\bin;D:\jiyun\mvn\apache-maven-3.5.4\bin;E:\Apps\node-v10.16.0-win-x64;C:\Java\jdk1.8.0_181\bin;C:\Users\86158\AppData\Local\Microsoft\WindowsApps;E:\Apps\Bandizip\;E:\Apps\DataGrip 2020.1.5\bin;;E:\Apps\IntelliJ IDEA 2020.2\bin;;."/>
    <property name="java.vm.info" value="mixed mode"/>
    <property name="java.vendor" value="Oracle Corporation"/>
    <property name="java.vm.version" value="25.261-b12"/>
    <property name="java.ext.dirs" value="C:\Program Files\Java\jdk1.8.0_261\jre\lib\ext;C:\WINDOWS\Sun\Java\lib\ext"/>
    <property name="sun.io.unicode.encoding" value="UnicodeLittle"/>
    <property name="maven.repo.local" value="E:\Apps\repository"/>
    <property name="java.class.version" value="52.0"/>
  </properties>
</testsuite>